<?xml version="1.0" encoding="UTF-8"?>
<!-- Generated by org.testng.reporters.JUnitReportReporter -->
<testsuite hostname="LAPTOP-DISASTR" failures="0" tests="1" name="postRequest" time="3.786" errors="0" timestamp="2020-11-06T16:24:36 WIB" skipped="0">
  <testcase classname="postRequest" name="addNewPet" time="3.786"/>
  <system-out/>
</testsuite> <!-- postRequest -->
