<?xml version="1.0" encoding="UTF-8"?>
<!-- Generated by org.testng.reporters.JUnitReportReporter -->
<testsuite hostname="LAPTOP-DISASTR" failures="0" tests="1" name="getRequest" time="3.373" errors="0" timestamp="2020-11-06T16:24:25 WIB" skipped="0">
  <testcase classname="getRequest" name="getPetByStatuDetail" time="3.373"/>
  <system-out/>
</testsuite> <!-- getRequest -->
