<?xml version="1.0" encoding="UTF-8"?>
<!-- Generated by org.testng.reporters.JUnitReportReporter -->
<testsuite hostname="LAPTOP-DISASTR" failures="0" tests="1" name="putRequest" time="4.165" errors="0" timestamp="2020-11-06T16:24:46 WIB" skipped="0">
  <testcase classname="putRequest" name="updateExistingPet" time="4.165"/>
  <system-out/>
</testsuite> <!-- putRequest -->
